2021-12-23 17:21:56.186 [main] INFO 
                com.shaun.edu_service.EduApplication - Starting EduApplication on LAPTOP-CNTOADI4 with PID 23256 (E:\JavaProject\guli_parent\service\service_edu\target\classes started by Shaun in E:\JavaProject\guli_parent)
2021-12-23 17:21:56.195 [main] INFO 
                com.shaun.edu_service.EduApplication - The following profiles are active: dev
2021-12-23 17:21:57.996 [main] INFO 
                o.s.d.r.config.RepositoryConfigurationDelegate - Multiple Spring Data modules found, entering strict repository configuration mode!
2021-12-23 17:21:58.000 [main] INFO 
                o.s.d.r.config.RepositoryConfigurationDelegate - Bootstrapping Spring Data repositories in DEFAULT mode.
2021-12-23 17:21:58.034 [main] INFO 
                o.s.d.r.config.RepositoryConfigurationDelegate - Finished Spring Data repository scanning in 10ms. Found 0 repository interfaces.
2021-12-23 17:21:58.422 [main] INFO 
                o.s.c.s.PostProcessorRegistrationDelegate$BeanPostProcessorChecker - Bean 'org.springframework.transaction.annotation.ProxyTransactionManagementConfiguration' of type [org.springframework.transaction.annotation.ProxyTransactionManagementConfiguration] is not eligible for getting processed by all BeanPostProcessors (for example: not eligible for auto-proxying)
2021-12-23 17:21:58.777 [main] INFO 
                o.s.boot.web.embedded.tomcat.TomcatWebServer - Tomcat initialized with port(s): 8001 (http)
2021-12-23 17:21:58.788 [main] INFO 
                org.apache.coyote.http11.Http11NioProtocol - Initializing ProtocolHandler ["http-nio-8001"]
2021-12-23 17:21:58.789 [main] INFO 
                org.apache.catalina.core.StandardService - Starting service [Tomcat]
2021-12-23 17:21:58.789 [main] INFO 
                org.apache.catalina.core.StandardEngine - Starting Servlet engine: [Apache Tomcat/9.0.27]
2021-12-23 17:21:58.914 [main] INFO 
                o.a.c.core.ContainerBase.[Tomcat].[localhost].[/] - Initializing Spring embedded WebApplicationContext
2021-12-23 17:21:58.914 [main] INFO 
                org.springframework.web.context.ContextLoader - Root WebApplicationContext: initialization completed in 2614 ms
2021-12-23 17:21:59.899 [main] INFO 
                s.d.s.w.PropertySourcedRequestMappingHandlerMapping - Mapped URL path [/v2/api-docs] onto method [springfox.documentation.swagger2.web.Swagger2Controller#getDocumentation(String, HttpServletRequest)]
2021-12-23 17:21:59.997 [main] INFO 
                o.s.scheduling.concurrent.ThreadPoolTaskExecutor - Initializing ExecutorService 'applicationTaskExecutor'
2021-12-23 17:22:00.434 [main] INFO 
                s.d.s.web.plugins.DocumentationPluginsBootstrapper - Context refreshed
2021-12-23 17:22:00.446 [main] INFO 
                s.d.s.web.plugins.DocumentationPluginsBootstrapper - Found 1 custom documentation plugin(s)
2021-12-23 17:22:00.484 [main] INFO 
                s.d.spring.web.scanners.ApiListingReferenceScanner - Scanning for api listing references
2021-12-23 17:22:00.639 [main] INFO 
                org.apache.coyote.http11.Http11NioProtocol - Starting ProtocolHandler ["http-nio-8001"]
2021-12-23 17:22:00.665 [main] INFO 
                o.s.boot.web.embedded.tomcat.TomcatWebServer - Tomcat started on port(s): 8001 (http) with context path ''
2021-12-23 17:22:00.669 [main] INFO 
                com.shaun.edu_service.EduApplication - Started EduApplication in 5.832 seconds (JVM running for 7.21)
2021-12-23 17:22:04.449 [http-nio-8001-exec-1] INFO 
                o.a.c.core.ContainerBase.[Tomcat].[localhost].[/] - Initializing Spring DispatcherServlet 'dispatcherServlet'
2021-12-23 17:22:04.449 [http-nio-8001-exec-1] INFO 
                org.springframework.web.servlet.DispatcherServlet - Initializing Servlet 'dispatcherServlet'
2021-12-23 17:22:04.454 [http-nio-8001-exec-1] INFO 
                org.springframework.web.servlet.DispatcherServlet - Completed initialization in 5 ms
2021-12-23 17:22:14.741 [http-nio-8001-exec-8] INFO 
                com.zaxxer.hikari.HikariDataSource - HikariPool-1 - Starting...
2021-12-23 17:22:14.881 [http-nio-8001-exec-8] INFO 
                com.zaxxer.hikari.HikariDataSource - HikariPool-1 - Start completed.
2021-12-23 17:22:31.306 [main] INFO 
                com.shaun.edu_service.EduApplication - Starting EduApplication on LAPTOP-CNTOADI4 with PID 13928 (E:\JavaProject\guli_parent\service\service_edu\target\classes started by Shaun in E:\JavaProject\guli_parent)
2021-12-23 17:22:31.310 [main] INFO 
                com.shaun.edu_service.EduApplication - The following profiles are active: dev
2021-12-23 17:22:32.046 [main] INFO 
                o.s.d.r.config.RepositoryConfigurationDelegate - Multiple Spring Data modules found, entering strict repository configuration mode!
2021-12-23 17:22:32.048 [main] INFO 
                o.s.d.r.config.RepositoryConfigurationDelegate - Bootstrapping Spring Data repositories in DEFAULT mode.
2021-12-23 17:22:32.067 [main] INFO 
                o.s.d.r.config.RepositoryConfigurationDelegate - Finished Spring Data repository scanning in 6ms. Found 0 repository interfaces.
2021-12-23 17:22:32.283 [main] INFO 
                o.s.c.s.PostProcessorRegistrationDelegate$BeanPostProcessorChecker - Bean 'org.springframework.transaction.annotation.ProxyTransactionManagementConfiguration' of type [org.springframework.transaction.annotation.ProxyTransactionManagementConfiguration] is not eligible for getting processed by all BeanPostProcessors (for example: not eligible for auto-proxying)
2021-12-23 17:22:32.482 [main] INFO 
                o.s.boot.web.embedded.tomcat.TomcatWebServer - Tomcat initialized with port(s): 8001 (http)
2021-12-23 17:22:32.493 [main] INFO 
                org.apache.coyote.http11.Http11NioProtocol - Initializing ProtocolHandler ["http-nio-8001"]
2021-12-23 17:22:32.495 [main] INFO 
                org.apache.catalina.core.StandardService - Starting service [Tomcat]
2021-12-23 17:22:32.496 [main] INFO 
                org.apache.catalina.core.StandardEngine - Starting Servlet engine: [Apache Tomcat/9.0.27]
2021-12-23 17:22:32.609 [main] INFO 
                o.a.c.core.ContainerBase.[Tomcat].[localhost].[/] - Initializing Spring embedded WebApplicationContext
2021-12-23 17:22:32.609 [main] INFO 
                org.springframework.web.context.ContextLoader - Root WebApplicationContext: initialization completed in 1252 ms
2021-12-23 17:22:33.404 [main] INFO 
                s.d.s.w.PropertySourcedRequestMappingHandlerMapping - Mapped URL path [/v2/api-docs] onto method [springfox.documentation.swagger2.web.Swagger2Controller#getDocumentation(String, HttpServletRequest)]
2021-12-23 17:22:33.491 [main] INFO 
                o.s.scheduling.concurrent.ThreadPoolTaskExecutor - Initializing ExecutorService 'applicationTaskExecutor'
2021-12-23 17:22:33.922 [main] INFO 
                s.d.s.web.plugins.DocumentationPluginsBootstrapper - Context refreshed
2021-12-23 17:22:33.934 [main] INFO 
                s.d.s.web.plugins.DocumentationPluginsBootstrapper - Found 1 custom documentation plugin(s)
2021-12-23 17:22:33.972 [main] INFO 
                s.d.spring.web.scanners.ApiListingReferenceScanner - Scanning for api listing references
2021-12-23 17:22:34.163 [main] INFO 
                org.apache.coyote.http11.Http11NioProtocol - Starting ProtocolHandler ["http-nio-8001"]
2021-12-23 17:22:34.187 [main] INFO 
                o.s.boot.web.embedded.tomcat.TomcatWebServer - Tomcat started on port(s): 8001 (http) with context path ''
2021-12-23 17:22:34.191 [main] INFO 
                com.shaun.edu_service.EduApplication - Started EduApplication in 3.407 seconds (JVM running for 4.092)
2021-12-23 17:22:42.832 [http-nio-8001-exec-1] INFO 
                o.a.c.core.ContainerBase.[Tomcat].[localhost].[/] - Initializing Spring DispatcherServlet 'dispatcherServlet'
2021-12-23 17:22:42.832 [http-nio-8001-exec-1] INFO 
                org.springframework.web.servlet.DispatcherServlet - Initializing Servlet 'dispatcherServlet'
2021-12-23 17:22:42.838 [http-nio-8001-exec-1] INFO 
                org.springframework.web.servlet.DispatcherServlet - Completed initialization in 6 ms
2021-12-23 17:22:42.934 [http-nio-8001-exec-1] INFO 
                com.zaxxer.hikari.HikariDataSource - HikariPool-1 - Starting...
2021-12-23 17:22:43.078 [http-nio-8001-exec-1] INFO 
                com.zaxxer.hikari.HikariDataSource - HikariPool-1 - Start completed.
2021-12-26 14:57:22.826 [main] INFO 
                com.shaun.edu_service.EduApplication - Starting EduApplication on LAPTOP-CNTOADI4 with PID 7412 (E:\JavaProject\guli_parent\service\service_edu\target\classes started by Shaun in E:\JavaProject\guli_parent)
2021-12-26 14:57:22.932 [main] INFO 
                com.shaun.edu_service.EduApplication - The following profiles are active: dev
2021-12-26 14:57:24.163 [main] INFO 
                o.s.d.r.config.RepositoryConfigurationDelegate - Multiple Spring Data modules found, entering strict repository configuration mode!
2021-12-26 14:57:24.167 [main] INFO 
                o.s.d.r.config.RepositoryConfigurationDelegate - Bootstrapping Spring Data repositories in DEFAULT mode.
2021-12-26 14:57:24.200 [main] INFO 
                o.s.d.r.config.RepositoryConfigurationDelegate - Finished Spring Data repository scanning in 10ms. Found 0 repository interfaces.
2021-12-26 14:57:24.754 [main] INFO 
                o.s.c.s.PostProcessorRegistrationDelegate$BeanPostProcessorChecker - Bean 'org.springframework.transaction.annotation.ProxyTransactionManagementConfiguration' of type [org.springframework.transaction.annotation.ProxyTransactionManagementConfiguration] is not eligible for getting processed by all BeanPostProcessors (for example: not eligible for auto-proxying)
2021-12-26 14:57:25.358 [main] INFO 
                o.s.boot.web.embedded.tomcat.TomcatWebServer - Tomcat initialized with port(s): 8001 (http)
2021-12-26 14:57:25.380 [main] INFO 
                org.apache.coyote.http11.Http11NioProtocol - Initializing ProtocolHandler ["http-nio-8001"]
2021-12-26 14:57:25.382 [main] INFO 
                org.apache.catalina.core.StandardService - Starting service [Tomcat]
2021-12-26 14:57:25.382 [main] INFO 
                org.apache.catalina.core.StandardEngine - Starting Servlet engine: [Apache Tomcat/9.0.27]
2021-12-26 14:57:25.650 [main] INFO 
                o.a.c.core.ContainerBase.[Tomcat].[localhost].[/] - Initializing Spring embedded WebApplicationContext
2021-12-26 14:57:25.651 [main] INFO 
                org.springframework.web.context.ContextLoader - Root WebApplicationContext: initialization completed in 2622 ms
2021-12-26 14:57:27.050 [main] INFO 
                s.d.s.w.PropertySourcedRequestMappingHandlerMapping - Mapped URL path [/v2/api-docs] onto method [springfox.documentation.swagger2.web.Swagger2Controller#getDocumentation(String, HttpServletRequest)]
2021-12-26 14:57:27.175 [main] INFO 
                o.s.scheduling.concurrent.ThreadPoolTaskExecutor - Initializing ExecutorService 'applicationTaskExecutor'
2021-12-26 14:57:27.734 [main] INFO 
                s.d.s.web.plugins.DocumentationPluginsBootstrapper - Context refreshed
2021-12-26 14:57:27.749 [main] INFO 
                s.d.s.web.plugins.DocumentationPluginsBootstrapper - Found 1 custom documentation plugin(s)
2021-12-26 14:57:27.793 [main] INFO 
                s.d.spring.web.scanners.ApiListingReferenceScanner - Scanning for api listing references
2021-12-26 14:57:27.972 [main] INFO 
                org.apache.coyote.http11.Http11NioProtocol - Starting ProtocolHandler ["http-nio-8001"]
2021-12-26 14:57:27.991 [main] INFO 
                o.s.boot.web.embedded.tomcat.TomcatWebServer - Tomcat started on port(s): 8001 (http) with context path ''
2021-12-26 14:57:27.994 [main] INFO 
                com.shaun.edu_service.EduApplication - Started EduApplication in 6.538 seconds (JVM running for 8.071)
2021-12-26 14:57:36.868 [http-nio-8001-exec-1] INFO 
                o.a.c.core.ContainerBase.[Tomcat].[localhost].[/] - Initializing Spring DispatcherServlet 'dispatcherServlet'
2021-12-26 14:57:36.868 [http-nio-8001-exec-1] INFO 
                org.springframework.web.servlet.DispatcherServlet - Initializing Servlet 'dispatcherServlet'
2021-12-26 14:57:36.877 [http-nio-8001-exec-1] INFO 
                org.springframework.web.servlet.DispatcherServlet - Completed initialization in 9 ms
2021-12-26 15:00:25.936 [main] INFO 
                com.shaun.edu_service.EduApplication - Starting EduApplication on LAPTOP-CNTOADI4 with PID 24052 (E:\JavaProject\guli_parent\service\service_edu\target\classes started by Shaun in E:\JavaProject\guli_parent)
2021-12-26 15:00:25.940 [main] INFO 
                com.shaun.edu_service.EduApplication - The following profiles are active: dev
2021-12-26 15:00:26.650 [main] INFO 
                o.s.d.r.config.RepositoryConfigurationDelegate - Multiple Spring Data modules found, entering strict repository configuration mode!
2021-12-26 15:00:26.652 [main] INFO 
                o.s.d.r.config.RepositoryConfigurationDelegate - Bootstrapping Spring Data repositories in DEFAULT mode.
2021-12-26 15:00:26.671 [main] INFO 
                o.s.d.r.config.RepositoryConfigurationDelegate - Finished Spring Data repository scanning in 7ms. Found 0 repository interfaces.
2021-12-26 15:00:26.897 [main] INFO 
                o.s.c.s.PostProcessorRegistrationDelegate$BeanPostProcessorChecker - Bean 'org.springframework.transaction.annotation.ProxyTransactionManagementConfiguration' of type [org.springframework.transaction.annotation.ProxyTransactionManagementConfiguration] is not eligible for getting processed by all BeanPostProcessors (for example: not eligible for auto-proxying)
2021-12-26 15:00:27.098 [main] INFO 
                o.s.boot.web.embedded.tomcat.TomcatWebServer - Tomcat initialized with port(s): 8001 (http)
2021-12-26 15:00:27.107 [main] INFO 
                org.apache.coyote.http11.Http11NioProtocol - Initializing ProtocolHandler ["http-nio-8001"]
2021-12-26 15:00:27.108 [main] INFO 
                org.apache.catalina.core.StandardService - Starting service [Tomcat]
2021-12-26 15:00:27.109 [main] INFO 
                org.apache.catalina.core.StandardEngine - Starting Servlet engine: [Apache Tomcat/9.0.27]
2021-12-26 15:00:27.201 [main] INFO 
                o.a.c.core.ContainerBase.[Tomcat].[localhost].[/] - Initializing Spring embedded WebApplicationContext
2021-12-26 15:00:27.201 [main] INFO 
                org.springframework.web.context.ContextLoader - Root WebApplicationContext: initialization completed in 1216 ms
2021-12-26 15:00:28.129 [main] INFO 
                s.d.s.w.PropertySourcedRequestMappingHandlerMapping - Mapped URL path [/v2/api-docs] onto method [springfox.documentation.swagger2.web.Swagger2Controller#getDocumentation(String, HttpServletRequest)]
2021-12-26 15:00:28.261 [main] INFO 
                o.s.scheduling.concurrent.ThreadPoolTaskExecutor - Initializing ExecutorService 'applicationTaskExecutor'
2021-12-26 15:00:28.840 [main] INFO 
                s.d.s.web.plugins.DocumentationPluginsBootstrapper - Context refreshed
2021-12-26 15:00:28.854 [main] INFO 
                s.d.s.web.plugins.DocumentationPluginsBootstrapper - Found 1 custom documentation plugin(s)
2021-12-26 15:00:28.900 [main] INFO 
                s.d.spring.web.scanners.ApiListingReferenceScanner - Scanning for api listing references
2021-12-26 15:00:29.074 [main] INFO 
                org.apache.coyote.http11.Http11NioProtocol - Starting ProtocolHandler ["http-nio-8001"]
2021-12-26 15:00:29.096 [main] INFO 
                o.s.boot.web.embedded.tomcat.TomcatWebServer - Tomcat started on port(s): 8001 (http) with context path ''
2021-12-26 15:00:29.100 [main] INFO 
                com.shaun.edu_service.EduApplication - Started EduApplication in 3.716 seconds (JVM running for 4.447)
2021-12-26 15:00:32.944 [http-nio-8001-exec-1] INFO 
                o.a.c.core.ContainerBase.[Tomcat].[localhost].[/] - Initializing Spring DispatcherServlet 'dispatcherServlet'
2021-12-26 15:00:32.945 [http-nio-8001-exec-1] INFO 
                org.springframework.web.servlet.DispatcherServlet - Initializing Servlet 'dispatcherServlet'
2021-12-26 15:00:32.949 [http-nio-8001-exec-1] INFO 
                org.springframework.web.servlet.DispatcherServlet - Completed initialization in 4 ms
2021-12-26 15:47:26.402 [main] INFO 
                com.shaun.edu_service.EduApplication - Starting EduApplication on LAPTOP-CNTOADI4 with PID 4088 (E:\JavaProject\guli_parent\service\service_edu\target\classes started by Shaun in E:\JavaProject\guli_parent)
2021-12-26 15:47:26.442 [main] INFO 
                com.shaun.edu_service.EduApplication - The following profiles are active: dev
2021-12-26 15:47:27.213 [main] INFO 
                o.s.d.r.config.RepositoryConfigurationDelegate - Multiple Spring Data modules found, entering strict repository configuration mode!
2021-12-26 15:47:27.216 [main] INFO 
                o.s.d.r.config.RepositoryConfigurationDelegate - Bootstrapping Spring Data repositories in DEFAULT mode.
2021-12-26 15:47:27.236 [main] INFO 
                o.s.d.r.config.RepositoryConfigurationDelegate - Finished Spring Data repository scanning in 6ms. Found 0 repository interfaces.
2021-12-26 15:47:27.474 [main] INFO 
                o.s.c.s.PostProcessorRegistrationDelegate$BeanPostProcessorChecker - Bean 'org.springframework.transaction.annotation.ProxyTransactionManagementConfiguration' of type [org.springframework.transaction.annotation.ProxyTransactionManagementConfiguration] is not eligible for getting processed by all BeanPostProcessors (for example: not eligible for auto-proxying)
2021-12-26 15:47:27.692 [main] INFO 
                o.s.boot.web.embedded.tomcat.TomcatWebServer - Tomcat initialized with port(s): 8001 (http)
2021-12-26 15:47:27.699 [main] INFO 
                org.apache.coyote.http11.Http11NioProtocol - Initializing ProtocolHandler ["http-nio-8001"]
2021-12-26 15:47:27.700 [main] INFO 
                org.apache.catalina.core.StandardService - Starting service [Tomcat]
2021-12-26 15:47:27.700 [main] INFO 
                org.apache.catalina.core.StandardEngine - Starting Servlet engine: [Apache Tomcat/9.0.27]
2021-12-26 15:47:27.790 [main] INFO 
                o.a.c.core.ContainerBase.[Tomcat].[localhost].[/] - Initializing Spring embedded WebApplicationContext
2021-12-26 15:47:27.790 [main] INFO 
                org.springframework.web.context.ContextLoader - Root WebApplicationContext: initialization completed in 1313 ms
2021-12-26 15:47:28.634 [main] INFO 
                s.d.s.w.PropertySourcedRequestMappingHandlerMapping - Mapped URL path [/v2/api-docs] onto method [springfox.documentation.swagger2.web.Swagger2Controller#getDocumentation(String, HttpServletRequest)]
2021-12-26 15:47:28.726 [main] INFO 
                o.s.scheduling.concurrent.ThreadPoolTaskExecutor - Initializing ExecutorService 'applicationTaskExecutor'
2021-12-26 15:47:29.133 [main] INFO 
                s.d.s.web.plugins.DocumentationPluginsBootstrapper - Context refreshed
2021-12-26 15:47:29.143 [main] INFO 
                s.d.s.web.plugins.DocumentationPluginsBootstrapper - Found 1 custom documentation plugin(s)
2021-12-26 15:47:29.182 [main] INFO 
                s.d.spring.web.scanners.ApiListingReferenceScanner - Scanning for api listing references
2021-12-26 15:47:29.327 [main] INFO 
                org.apache.coyote.http11.Http11NioProtocol - Starting ProtocolHandler ["http-nio-8001"]
2021-12-26 15:47:29.345 [main] INFO 
                o.s.boot.web.embedded.tomcat.TomcatWebServer - Tomcat started on port(s): 8001 (http) with context path ''
2021-12-26 15:47:29.348 [main] INFO 
                com.shaun.edu_service.EduApplication - Started EduApplication in 3.449 seconds (JVM running for 4.228)
2021-12-26 15:47:49.118 [http-nio-8001-exec-1] INFO 
                o.a.c.core.ContainerBase.[Tomcat].[localhost].[/] - Initializing Spring DispatcherServlet 'dispatcherServlet'
2021-12-26 15:47:49.119 [http-nio-8001-exec-1] INFO 
                org.springframework.web.servlet.DispatcherServlet - Initializing Servlet 'dispatcherServlet'
2021-12-26 15:47:49.124 [http-nio-8001-exec-1] INFO 
                org.springframework.web.servlet.DispatcherServlet - Completed initialization in 5 ms
2021-12-26 16:03:45.238 [main] INFO 
                com.shaun.edu_service.EduApplication - Starting EduApplication on LAPTOP-CNTOADI4 with PID 8712 (E:\JavaProject\guli_parent\service\service_edu\target\classes started by Shaun in E:\JavaProject\guli_parent)
2021-12-26 16:03:45.241 [main] INFO 
                com.shaun.edu_service.EduApplication - The following profiles are active: dev
2021-12-26 16:03:46.098 [main] INFO 
                o.s.d.r.config.RepositoryConfigurationDelegate - Multiple Spring Data modules found, entering strict repository configuration mode!
2021-12-26 16:03:46.100 [main] INFO 
                o.s.d.r.config.RepositoryConfigurationDelegate - Bootstrapping Spring Data repositories in DEFAULT mode.
2021-12-26 16:03:46.123 [main] INFO 
                o.s.d.r.config.RepositoryConfigurationDelegate - Finished Spring Data repository scanning in 10ms. Found 0 repository interfaces.
2021-12-26 16:03:46.372 [main] INFO 
                o.s.c.s.PostProcessorRegistrationDelegate$BeanPostProcessorChecker - Bean 'org.springframework.transaction.annotation.ProxyTransactionManagementConfiguration' of type [org.springframework.transaction.annotation.ProxyTransactionManagementConfiguration] is not eligible for getting processed by all BeanPostProcessors (for example: not eligible for auto-proxying)
2021-12-26 16:03:46.579 [main] INFO 
                o.s.boot.web.embedded.tomcat.TomcatWebServer - Tomcat initialized with port(s): 8001 (http)
2021-12-26 16:03:46.588 [main] INFO 
                org.apache.coyote.http11.Http11NioProtocol - Initializing ProtocolHandler ["http-nio-8001"]
2021-12-26 16:03:46.589 [main] INFO 
                org.apache.catalina.core.StandardService - Starting service [Tomcat]
2021-12-26 16:03:46.589 [main] INFO 
                org.apache.catalina.core.StandardEngine - Starting Servlet engine: [Apache Tomcat/9.0.27]
2021-12-26 16:03:46.692 [main] INFO 
                o.a.c.core.ContainerBase.[Tomcat].[localhost].[/] - Initializing Spring embedded WebApplicationContext
2021-12-26 16:03:46.692 [main] INFO 
                org.springframework.web.context.ContextLoader - Root WebApplicationContext: initialization completed in 1373 ms
2021-12-26 16:03:47.610 [main] INFO 
                s.d.s.w.PropertySourcedRequestMappingHandlerMapping - Mapped URL path [/v2/api-docs] onto method [springfox.documentation.swagger2.web.Swagger2Controller#getDocumentation(String, HttpServletRequest)]
2021-12-26 16:03:47.737 [main] INFO 
                o.s.scheduling.concurrent.ThreadPoolTaskExecutor - Initializing ExecutorService 'applicationTaskExecutor'
2021-12-26 16:03:48.301 [main] INFO 
                s.d.s.web.plugins.DocumentationPluginsBootstrapper - Context refreshed
2021-12-26 16:03:48.315 [main] INFO 
                s.d.s.web.plugins.DocumentationPluginsBootstrapper - Found 1 custom documentation plugin(s)
2021-12-26 16:03:48.359 [main] INFO 
                s.d.spring.web.scanners.ApiListingReferenceScanner - Scanning for api listing references
2021-12-26 16:03:48.556 [main] INFO 
                org.apache.coyote.http11.Http11NioProtocol - Starting ProtocolHandler ["http-nio-8001"]
2021-12-26 16:03:48.581 [main] INFO 
                o.s.boot.web.embedded.tomcat.TomcatWebServer - Tomcat started on port(s): 8001 (http) with context path ''
2021-12-26 16:03:48.585 [main] INFO 
                com.shaun.edu_service.EduApplication - Started EduApplication in 3.835 seconds (JVM running for 4.591)
2021-12-26 16:04:06.031 [http-nio-8001-exec-1] INFO 
                o.a.c.core.ContainerBase.[Tomcat].[localhost].[/] - Initializing Spring DispatcherServlet 'dispatcherServlet'
2021-12-26 16:04:06.032 [http-nio-8001-exec-1] INFO 
                org.springframework.web.servlet.DispatcherServlet - Initializing Servlet 'dispatcherServlet'
2021-12-26 16:04:06.039 [http-nio-8001-exec-1] INFO 
                org.springframework.web.servlet.DispatcherServlet - Completed initialization in 7 ms
2021-12-26 16:04:06.396 [http-nio-8001-exec-3] INFO 
                com.zaxxer.hikari.HikariDataSource - HikariPool-1 - Starting...
2021-12-26 16:04:06.553 [http-nio-8001-exec-3] INFO 
                com.zaxxer.hikari.HikariDataSource - HikariPool-1 - Start completed.
2021-12-26 16:25:28.117 [main] INFO 
                com.shaun.edu_service.EduApplication - Starting EduApplication on LAPTOP-CNTOADI4 with PID 14220 (E:\JavaProject\guli_parent\service\service_edu\target\classes started by Shaun in E:\JavaProject\guli_parent)
2021-12-26 16:25:28.124 [main] INFO 
                com.shaun.edu_service.EduApplication - The following profiles are active: dev
2021-12-26 16:25:29.071 [main] INFO 
                o.s.d.r.config.RepositoryConfigurationDelegate - Multiple Spring Data modules found, entering strict repository configuration mode!
2021-12-26 16:25:29.073 [main] INFO 
                o.s.d.r.config.RepositoryConfigurationDelegate - Bootstrapping Spring Data repositories in DEFAULT mode.
2021-12-26 16:25:29.100 [main] INFO 
                o.s.d.r.config.RepositoryConfigurationDelegate - Finished Spring Data repository scanning in 8ms. Found 0 repository interfaces.
2021-12-26 16:25:29.436 [main] INFO 
                o.s.c.s.PostProcessorRegistrationDelegate$BeanPostProcessorChecker - Bean 'org.springframework.transaction.annotation.ProxyTransactionManagementConfiguration' of type [org.springframework.transaction.annotation.ProxyTransactionManagementConfiguration] is not eligible for getting processed by all BeanPostProcessors (for example: not eligible for auto-proxying)
2021-12-26 16:25:30.232 [main] INFO 
                o.s.boot.web.embedded.tomcat.TomcatWebServer - Tomcat initialized with port(s): 8001 (http)
2021-12-26 16:25:30.255 [main] INFO 
                org.apache.coyote.http11.Http11NioProtocol - Initializing ProtocolHandler ["http-nio-8001"]
2021-12-26 16:25:30.256 [main] INFO 
                org.apache.catalina.core.StandardService - Starting service [Tomcat]
2021-12-26 16:25:30.257 [main] INFO 
                org.apache.catalina.core.StandardEngine - Starting Servlet engine: [Apache Tomcat/9.0.27]
2021-12-26 16:25:30.518 [main] INFO 
                o.a.c.core.ContainerBase.[Tomcat].[localhost].[/] - Initializing Spring embedded WebApplicationContext
2021-12-26 16:25:30.519 [main] INFO 
                org.springframework.web.context.ContextLoader - Root WebApplicationContext: initialization completed in 2332 ms
2021-12-26 16:25:32.293 [main] INFO 
                s.d.s.w.PropertySourcedRequestMappingHandlerMapping - Mapped URL path [/v2/api-docs] onto method [springfox.documentation.swagger2.web.Swagger2Controller#getDocumentation(String, HttpServletRequest)]
2021-12-26 16:25:32.429 [main] INFO 
                o.s.scheduling.concurrent.ThreadPoolTaskExecutor - Initializing ExecutorService 'applicationTaskExecutor'
2021-12-26 16:25:32.924 [main] INFO 
                s.d.s.web.plugins.DocumentationPluginsBootstrapper - Context refreshed
2021-12-26 16:25:32.936 [main] INFO 
                s.d.s.web.plugins.DocumentationPluginsBootstrapper - Found 1 custom documentation plugin(s)
2021-12-26 16:25:32.982 [main] INFO 
                s.d.spring.web.scanners.ApiListingReferenceScanner - Scanning for api listing references
2021-12-26 16:25:33.153 [main] INFO 
                org.apache.coyote.http11.Http11NioProtocol - Starting ProtocolHandler ["http-nio-8001"]
2021-12-26 16:25:33.173 [main] INFO 
                o.s.boot.web.embedded.tomcat.TomcatWebServer - Tomcat started on port(s): 8001 (http) with context path ''
2021-12-26 16:25:33.176 [main] INFO 
                com.shaun.edu_service.EduApplication - Started EduApplication in 6.117 seconds (JVM running for 7.384)
2021-12-26 16:25:36.826 [http-nio-8001-exec-1] INFO 
                o.a.c.core.ContainerBase.[Tomcat].[localhost].[/] - Initializing Spring DispatcherServlet 'dispatcherServlet'
2021-12-26 16:25:36.827 [http-nio-8001-exec-1] INFO 
                org.springframework.web.servlet.DispatcherServlet - Initializing Servlet 'dispatcherServlet'
2021-12-26 16:25:36.833 [http-nio-8001-exec-1] INFO 
                org.springframework.web.servlet.DispatcherServlet - Completed initialization in 6 ms
2021-12-26 16:25:36.980 [http-nio-8001-exec-1] INFO 
                com.zaxxer.hikari.HikariDataSource - HikariPool-1 - Starting...
2021-12-26 16:25:37.109 [http-nio-8001-exec-1] INFO 
                com.zaxxer.hikari.HikariDataSource - HikariPool-1 - Start completed.
2021-12-26 17:46:23.384 [main] INFO 
                com.shaun.edu_service.EduApplication - Starting EduApplication on LAPTOP-CNTOADI4 with PID 17648 (E:\JavaProject\guli_parent\service\service_edu\target\classes started by Shaun in E:\JavaProject\guli_parent)
2021-12-26 17:46:23.390 [main] INFO 
                com.shaun.edu_service.EduApplication - The following profiles are active: dev
2021-12-26 17:46:24.121 [main] INFO 
                o.s.d.r.config.RepositoryConfigurationDelegate - Multiple Spring Data modules found, entering strict repository configuration mode!
2021-12-26 17:46:24.124 [main] INFO 
                o.s.d.r.config.RepositoryConfigurationDelegate - Bootstrapping Spring Data repositories in DEFAULT mode.
2021-12-26 17:46:24.142 [main] INFO 
                o.s.d.r.config.RepositoryConfigurationDelegate - Finished Spring Data repository scanning in 7ms. Found 0 repository interfaces.
2021-12-26 17:46:24.363 [main] INFO 
                o.s.c.s.PostProcessorRegistrationDelegate$BeanPostProcessorChecker - Bean 'org.springframework.transaction.annotation.ProxyTransactionManagementConfiguration' of type [org.springframework.transaction.annotation.ProxyTransactionManagementConfiguration] is not eligible for getting processed by all BeanPostProcessors (for example: not eligible for auto-proxying)
2021-12-26 17:46:24.555 [main] INFO 
                o.s.boot.web.embedded.tomcat.TomcatWebServer - Tomcat initialized with port(s): 8001 (http)
2021-12-26 17:46:24.563 [main] INFO 
                org.apache.coyote.http11.Http11NioProtocol - Initializing ProtocolHandler ["http-nio-8001"]
2021-12-26 17:46:24.564 [main] INFO 
                org.apache.catalina.core.StandardService - Starting service [Tomcat]
2021-12-26 17:46:24.564 [main] INFO 
                org.apache.catalina.core.StandardEngine - Starting Servlet engine: [Apache Tomcat/9.0.27]
2021-12-26 17:46:24.660 [main] INFO 
                o.a.c.core.ContainerBase.[Tomcat].[localhost].[/] - Initializing Spring embedded WebApplicationContext
2021-12-26 17:46:24.661 [main] INFO 
                org.springframework.web.context.ContextLoader - Root WebApplicationContext: initialization completed in 1231 ms
2021-12-26 17:46:25.449 [main] INFO 
                s.d.s.w.PropertySourcedRequestMappingHandlerMapping - Mapped URL path [/v2/api-docs] onto method [springfox.documentation.swagger2.web.Swagger2Controller#getDocumentation(String, HttpServletRequest)]
2021-12-26 17:46:25.534 [main] INFO 
                o.s.scheduling.concurrent.ThreadPoolTaskExecutor - Initializing ExecutorService 'applicationTaskExecutor'
2021-12-26 17:46:25.942 [main] INFO 
                s.d.s.web.plugins.DocumentationPluginsBootstrapper - Context refreshed
2021-12-26 17:46:25.954 [main] INFO 
                s.d.s.web.plugins.DocumentationPluginsBootstrapper - Found 1 custom documentation plugin(s)
2021-12-26 17:46:25.993 [main] INFO 
                s.d.spring.web.scanners.ApiListingReferenceScanner - Scanning for api listing references
2021-12-26 17:46:26.140 [main] INFO 
                org.apache.coyote.http11.Http11NioProtocol - Starting ProtocolHandler ["http-nio-8001"]
2021-12-26 17:46:26.160 [main] INFO 
                o.s.boot.web.embedded.tomcat.TomcatWebServer - Tomcat started on port(s): 8001 (http) with context path ''
2021-12-26 17:46:26.163 [main] INFO 
                com.shaun.edu_service.EduApplication - Started EduApplication in 3.274 seconds (JVM running for 4.043)
2021-12-26 17:46:31.613 [http-nio-8001-exec-1] INFO 
                o.a.c.core.ContainerBase.[Tomcat].[localhost].[/] - Initializing Spring DispatcherServlet 'dispatcherServlet'
2021-12-26 17:46:31.614 [http-nio-8001-exec-1] INFO 
                org.springframework.web.servlet.DispatcherServlet - Initializing Servlet 'dispatcherServlet'
2021-12-26 17:46:31.623 [http-nio-8001-exec-1] INFO 
                org.springframework.web.servlet.DispatcherServlet - Completed initialization in 8 ms
2021-12-26 17:46:32.091 [http-nio-8001-exec-3] INFO 
                com.zaxxer.hikari.HikariDataSource - HikariPool-1 - Starting...
2021-12-26 17:46:32.347 [http-nio-8001-exec-3] INFO 
                com.zaxxer.hikari.HikariDataSource - HikariPool-1 - Start completed.
